<?xml version="1.0" encoding="UTF-8"?>
<!-- Generated by org.testng.reporters.JUnitXMLReporter -->
<testsuite ignored="0" hostname="Lehers-MacBook-Air.local" failures="0" tests="3" name="Test" time="0.223" errors="0" timestamp="16 Sep. 2019 18:07:05 GMT">
  <testcase classname="test.Question1" name="Question1a" time="0.015"/>
  <testcase classname="test.Question1" name="Question1b" time="0.087"/>
  <testcase classname="test.Question3" name="nthSmallestNumber" time="0.043"/>
</testsuite> <!-- Test -->
