<?xml version="1.0" encoding="UTF-8"?>
<testng-results ignored="0" total="3" passed="3" failed="0" skipped="0">
  <reporter-output>
  </reporter-output>
  <suite started-at="2019-09-16T18:07:05Z" name="Suite" finished-at="2019-09-16T18:07:05Z" duration-ms="223">
    <groups>
    </groups>
    <test started-at="2019-09-16T18:07:05Z" name="Test" finished-at="2019-09-16T18:07:05Z" duration-ms="223">
      <class name="test.Question1">
        <test-method signature="Question1a()[pri:0, instance:test.Question1@59906517]" started-at="2019-09-16T18:07:05Z" name="Question1a" description="Question 1(a)" finished-at="2019-09-16T18:07:05Z" duration-ms="15" status="PASS">
          <reporter-output>
          </reporter-output>
        </test-method> <!-- Question1a -->
        <test-method signature="Question1b()[pri:0, instance:test.Question1@59906517]" started-at="2019-09-16T18:07:05Z" name="Question1b" description="Question 1(b)" finished-at="2019-09-16T18:07:05Z" duration-ms="87" status="PASS">
          <reporter-output>
          </reporter-output>
        </test-method> <!-- Question1b -->
      </class> <!-- test.Question1 -->
      <class name="test.Question3">
        <test-method signature="nthSmallestNumber(java.lang.String)[pri:0, instance:test.Question3@5bfbf16f]" started-at="2019-09-16T18:07:05Z" name="nthSmallestNumber" description="Question 3" finished-at="2019-09-16T18:07:05Z" duration-ms="43" status="PASS">
          <params>
            <param index="0">
              <value>
                <![CDATA[500]]>
              </value>
            </param>
          </params>
          <reporter-output>
          </reporter-output>
        </test-method> <!-- nthSmallestNumber -->
      </class> <!-- test.Question3 -->
    </test> <!-- Test -->
  </suite> <!-- Suite -->
</testng-results>
